<?xml version="1.0" encoding="UTF-8"?>
<!-- Generated by org.testng.reporters.JUnitReportReporter -->
<testsuite hostname="codespaces-fece32" failures="0" tests="1" name="com.test.AuthorizedTest" time="3.037" errors="0" timestamp="2025-03-21T20:23:21 UTC" skipped="0">
  <testcase classname="com.test.AuthorizedTest" name="authorizedTest" time="3.037"/>
</testsuite> <!-- com.test.AuthorizedTest -->
