<?xml version="1.0" encoding="UTF-8"?>
<!-- Generated by org.testng.reporters.JUnitReportReporter -->
<testsuite hostname="codespaces-fece32" failures="0" tests="1" name="com.test.GenerateTokenTest" time="4.337" errors="0" timestamp="2025-03-24T21:06:50 UTC" skipped="0">
  <testcase classname="com.test.GenerateTokenTest" name="generateTokenTest" time="4.337"/>
</testsuite> <!-- com.test.GenerateTokenTest -->
