<?xml version="1.0" encoding="UTF-8"?>
<!-- Generated by org.testng.reporters.JUnitReportReporter -->
<testsuite hostname="codespaces-fece32" failures="0" tests="1" name="com.api.tests.LoginTest" time="3.118" errors="0" timestamp="2025-03-15T21:02:55 UTC" skipped="0">
  <testcase classname="com.api.tests.LoginTest" name="loginTest" time="3.118"/>
  <system-out/>
</testsuite> <!-- com.api.tests.LoginTest -->
