<?xml version="1.0" encoding="UTF-8"?>
<!-- Generated by org.testng.reporters.JUnitReportReporter -->
<testsuite hostname="codespaces-fece32" failures="0" tests="1" name="com.api.test.GetBooksTest" time="3.634" errors="0" timestamp="2025-04-02T19:26:35 UTC" skipped="0">
  <testcase classname="com.api.test.GetBooksTest" name="getBooks" time="3.634"/>
</testsuite> <!-- com.api.test.GetBooksTest -->
