<?xml version="1.0" encoding="UTF-8"?>
<!-- Generated by org.testng.reporters.JUnitReportReporter -->
<testsuite hostname="codespaces-fece32" failures="0" tests="1" name="com.api.test.PostBooksTest" time="0.489" errors="0" timestamp="2025-03-31T20:15:03 UTC" skipped="0">
  <testcase classname="com.api.test.PostBooksTest" name="postBooks" time="0.489"/>
</testsuite> <!-- com.api.test.PostBooksTest -->
