<?xml version="1.0" encoding="UTF-8"?>
<!-- Generated by org.testng.reporters.JUnitReportReporter -->
<testsuite hostname="codespaces-fece32" failures="0" tests="1" name="com.api.test.PutBookByIdTest" time="0.424" errors="0" timestamp="2025-04-01T20:07:36 UTC" skipped="0">
  <testcase classname="com.api.test.PutBookByIdTest" name="putBookById" time="0.424"/>
</testsuite> <!-- com.api.test.PutBookByIdTest -->
