<?xml version="1.0" encoding="UTF-8"?>
<!-- Generated by org.testng.reporters.JUnitReportReporter -->
<testsuite hostname="codespaces-fece32" failures="0" tests="1" name="com.api.test.PutAuthorByIdTest" time="0.415" errors="0" timestamp="2025-03-31T20:15:03 UTC" skipped="0">
  <testcase classname="com.api.test.PutAuthorByIdTest" name="putAuthorById" time="0.415"/>
</testsuite> <!-- com.api.test.PutAuthorByIdTest -->
