<?xml version="1.0" encoding="UTF-8"?>
<!-- Generated by org.testng.reporters.JUnitReportReporter -->
<testsuite hostname="codespaces-fece32" failures="0" tests="1" name="com.api.test.PostActivityTest" time="0.404" errors="0" timestamp="2025-04-02T19:26:35 UTC" skipped="0">
  <testcase classname="com.api.test.PostActivityTest" name="postActivity" time="0.404"/>
</testsuite> <!-- com.api.test.PostActivityTest -->
