<?xml version="1.0" encoding="UTF-8"?>
<!-- Generated by org.testng.reporters.JUnitReportReporter -->
<testsuite hostname="codespaces-fece32" failures="0" tests="1" name="com.api.test.PutBookByIdTest" time="0.427" errors="0" timestamp="2025-04-02T19:26:35 UTC" skipped="0">
  <testcase classname="com.api.test.PutBookByIdTest" name="putBookById" time="0.427"/>
</testsuite> <!-- com.api.test.PutBookByIdTest -->
