<?xml version="1.0" encoding="UTF-8"?>
<!-- Generated by org.testng.reporters.JUnitReportReporter -->
<testsuite hostname="codespaces-fece32" failures="0" tests="1" name="com.api.test.GetActivitiesTest" time="0.417" errors="0" timestamp="2025-04-01T20:07:36 UTC" skipped="0">
  <testcase classname="com.api.test.GetActivitiesTest" name="getActivities" time="0.417"/>
</testsuite> <!-- com.api.test.GetActivitiesTest -->
